file /users/cortex/rougier/Development/dana.cnft/SConstruct,line 64:
	Configure(confdir = .cache)
scons: Configure: Checking for C library python2.5... 
scons: Configure: ".cache/conftest_0.c" is up to date.
scons: Configure: The original builder output was:
  |.cache/conftest_0.c <-
  |  |
  |  |
  |  |#include "Python.h"
  |  |
  |  |int
  |  |main() {
  |  |  
  |  |return 0;
  |  |}
  |  |
  |
scons: Configure: ".cache/conftest_0.o" is up to date.
scons: Configure: The original builder output was:
  |gcc -o .cache/conftest_0.o -c -I/usr/include/python2.5 .cache/conftest_0.c
  |
scons: Configure: ".cache/conftest_0" is up to date.
scons: Configure: The original builder output was:
  |gcc -o .cache/conftest_0 .cache/conftest_0.o -lpython2.5
  |
scons: Configure: (cached) yes

scons: Configure: Checking for C++ library boost_python... 
scons: Configure: ".cache/conftest_1.cpp" is up to date.
scons: Configure: The original builder output was:
  |.cache/conftest_1.cpp <-
  |  |
  |  |
  |  |#include "boost/python.hpp"
  |  |
  |  |int
  |  |main() {
  |  |  
  |  |return 0;
  |  |}
  |  |
  |
scons: Configure: ".cache/conftest_1.o" is up to date.
scons: Configure: The original builder output was:
  |g++ -o .cache/conftest_1.o -c -I/usr/include/python2.5 .cache/conftest_1.cpp
  |
scons: Configure: ".cache/conftest_1" is up to date.
scons: Configure: The original builder output was:
  |g++ -o .cache/conftest_1 .cache/conftest_1.o -lpython2.5 -lboost_python
  |
scons: Configure: (cached) yes


